<?xml version="1.0" encoding="UTF-8"?>
<testng-results skipped="0" failed="0" ignored="0" total="2" passed="2">
  <reporter-output>
  </reporter-output>
  <suite name="Suite" duration-ms="34" started-at="2021-04-13T20:42:23 IST" finished-at="2021-04-13T20:42:23 IST">
    <groups>
    </groups>
    <test name="Test" duration-ms="34" started-at="2021-04-13T20:42:23 IST" finished-at="2021-04-13T20:42:23 IST">
      <class name="MavenProject.Maven.webTest">
        <test-method status="PASS" signature="login()[pri:0, instance:MavenProject.Maven.webTest@159c4b8]" name="login" duration-ms="3" started-at="2021-04-13T20:42:23 IST" finished-at="2021-04-13T20:42:23 IST">
          <reporter-output>
          </reporter-output>
        </test-method> <!-- login -->
        <test-method status="PASS" signature="logout()[pri:0, instance:MavenProject.Maven.webTest@159c4b8]" name="logout" duration-ms="0" started-at="2021-04-13T20:42:23 IST" finished-at="2021-04-13T20:42:23 IST">
          <reporter-output>
          </reporter-output>
        </test-method> <!-- logout -->
      </class> <!-- MavenProject.Maven.webTest -->
    </test> <!-- Test -->
  </suite> <!-- Suite -->
</testng-results>
